<?xml version="1.0" encoding="UTF-8"?>
<!-- Generated by org.testng.reporters.JUnitReportReporter -->
<testsuite hostname="LAPTOP-1FIPA7AI" failures="0" tests="3" name="LandingPageTest" time="1.995" errors="0" timestamp="2022-04-21T13:19:35 EDT" skipped="0">
  <testcase classname="LandingPageTest" name="validateLandingPageTitle" time="0.008"/>
  <system-out/>
  <testcase classname="LandingPageTest" name="validatecrmLogoTest" time="0.026"/>
  <system-out/>
  <testcase classname="LandingPageTest" name="loginTest" time="1.961"/>
  <system-out/>
</testsuite> <!-- LandingPageTest -->
